<?xml version="1.0" encoding="UTF-8"?>
<coverage generated="1771948218905" clover="3.2.0">
  <project timestamp="1771948218905" name="All files">
    <metrics statements="194" coveredstatements="178" conditionals="74" coveredconditionals="57" methods="21" coveredmethods="20" elements="289" coveredelements="255" complexity="0" loc="194" ncloc="194" packages="5" files="14" classes="14"/>
    <package name="src">
      <metrics statements="18" coveredstatements="17" conditionals="0" coveredconditionals="0" methods="1" coveredmethods="0"/>
      <file name="app.ts" path="/home/vincent/ynov-2602-my-favorite-addresses/server/src/app.ts">
        <metrics statements="8" coveredstatements="7" conditionals="0" coveredconditionals="0" methods="1" coveredmethods="0"/>
        <line num="1" count="2" type="stmt"/>
        <line num="2" count="2" type="stmt"/>
        <line num="4" count="2" type="stmt"/>
        <line num="7" count="2" type="stmt"/>
        <line num="10" count="2" type="stmt"/>
        <line num="13" count="2" type="stmt"/>
        <line num="14" count="0" type="stmt"/>
        <line num="17" count="2" type="stmt"/>
      </file>
      <file name="datasource.ts" path="/home/vincent/ynov-2602-my-favorite-addresses/server/src/datasource.ts">
        <metrics statements="3" coveredstatements="3" conditionals="0" coveredconditionals="0" methods="0" coveredmethods="0"/>
        <line num="1" count="2" type="stmt"/>
        <line num="3" count="2" type="stmt"/>
        <line num="11" count="2" type="stmt"/>
      </file>
      <file name="router.ts" path="/home/vincent/ynov-2602-my-favorite-addresses/server/src/router.ts">
        <metrics statements="7" coveredstatements="7" conditionals="0" coveredconditionals="0" methods="0" coveredmethods="0"/>
        <line num="1" count="2" type="stmt"/>
        <line num="2" count="2" type="stmt"/>
        <line num="3" count="2" type="stmt"/>
        <line num="5" count="2" type="stmt"/>
        <line num="7" count="2" type="stmt"/>
        <line num="8" count="2" type="stmt"/>
        <line num="10" count="2" type="stmt"/>
      </file>
    </package>
    <package name="src.controllers">
      <metrics statements="84" coveredstatements="77" conditionals="34" coveredconditionals="30" methods="6" coveredmethods="6"/>
      <file name="Addresses.ts" path="/home/vincent/ynov-2602-my-favorite-addresses/server/src/controllers/Addresses.ts">
        <metrics statements="43" coveredstatements="43" conditionals="20" coveredconditionals="20" methods="3" coveredmethods="3"/>
        <line num="1" count="2" type="stmt"/>
        <line num="2" count="2" type="stmt"/>
        <line num="3" count="2" type="stmt"/>
        <line num="4" count="2" type="stmt"/>
        <line num="5" count="2" type="stmt"/>
        <line num="6" count="2" type="stmt"/>
        <line num="8" count="2" type="stmt"/>
        <line num="10" count="2" type="stmt"/>
        <line num="11" count="3" type="stmt"/>
        <line num="12" count="3" type="stmt"/>
        <line num="13" count="3" type="stmt"/>
        <line num="15" count="3" type="cond" truecount="4" falsecount="0"/>
        <line num="16" count="1" type="stmt"/>
        <line num="21" count="2" type="stmt"/>
        <line num="23" count="2" type="cond" truecount="2" falsecount="0"/>
        <line num="24" count="1" type="stmt"/>
        <line num="25" count="1" type="stmt"/>
        <line num="26" count="1" type="stmt"/>
        <line num="27" count="1" type="stmt"/>
        <line num="28" count="1" type="stmt"/>
        <line num="29" count="1" type="stmt"/>
        <line num="30" count="1" type="stmt"/>
        <line num="31" count="1" type="stmt"/>
        <line num="33" count="1" type="stmt"/>
        <line num="37" count="2" type="stmt"/>
        <line num="38" count="1" type="stmt"/>
        <line num="39" count="1" type="stmt"/>
        <line num="40" count="1" type="stmt"/>
        <line num="43" count="2" type="stmt"/>
        <line num="44" count="4" type="stmt"/>
        <line num="46" count="4" type="cond" truecount="5" falsecount="0"/>
        <line num="47" count="1" type="stmt"/>
        <line num="52" count="3" type="stmt"/>
        <line num="54" count="3" type="cond" truecount="2" falsecount="0"/>
        <line num="61" count="1" type="stmt"/>
        <line num="66" count="2" type="stmt"/>
        <line num="67" count="2" type="stmt"/>
        <line num="68" count="2" type="stmt"/>
        <line num="70" count="2" type="stmt"/>
        <line num="71" count="2" type="cond" truecount="2" falsecount="0"/>
        <line num="72" count="1" type="stmt"/>
        <line num="76" count="2" type="stmt"/>
        <line num="79" count="2" type="stmt"/>
      </file>
      <file name="Users.ts" path="/home/vincent/ynov-2602-my-favorite-addresses/server/src/controllers/Users.ts">
        <metrics statements="41" coveredstatements="34" conditionals="14" coveredconditionals="10" methods="3" coveredmethods="3"/>
        <line num="1" count="2" type="stmt"/>
        <line num="2" count="2" type="stmt"/>
        <line num="3" count="2" type="stmt"/>
        <line num="4" count="2" type="stmt"/>
        <line num="5" count="2" type="stmt"/>
        <line num="6" count="2" type="stmt"/>
        <line num="8" count="2" type="cond" truecount="2" falsecount="0"/>
        <line num="10" count="2" type="stmt"/>
        <line num="12" count="2" type="stmt"/>
        <line num="13" count="2" type="stmt"/>
        <line num="14" count="2" type="stmt"/>
        <line num="16" count="2" type="cond" truecount="3" falsecount="1"/>
        <line num="17" count="0" type="stmt"/>
        <line num="20" count="2" type="stmt"/>
        <line num="21" count="2" type="stmt"/>
        <line num="22" count="2" type="stmt"/>
        <line num="23" count="2" type="stmt"/>
        <line num="24" count="2" type="stmt"/>
        <line num="26" count="2" type="stmt"/>
        <line num="28" count="2" type="stmt"/>
        <line num="30" count="0" type="stmt"/>
        <line num="31" count="0" type="stmt"/>
        <line num="35" count="2" type="stmt"/>
        <line num="36" count="1" type="stmt"/>
        <line num="37" count="1" type="stmt"/>
        <line num="40" count="2" type="stmt"/>
        <line num="41" count="2" type="stmt"/>
        <line num="42" count="2" type="stmt"/>
        <line num="44" count="2" type="cond" truecount="3" falsecount="1"/>
        <line num="45" count="0" type="stmt"/>
        <line num="48" count="2" type="stmt"/>
        <line num="50" count="2" type="cond" truecount="1" falsecount="1"/>
        <line num="51" count="0" type="stmt"/>
        <line num="54" count="2" type="stmt"/>
        <line num="55" count="2" type="cond" truecount="1" falsecount="1"/>
        <line num="56" count="2" type="stmt"/>
        <line num="57" count="2" type="stmt"/>
        <line num="60" count="2" type="stmt"/>
        <line num="62" count="0" type="stmt"/>
        <line num="65" count="0" type="stmt"/>
        <line num="69" count="2" type="stmt"/>
      </file>
    </package>
    <package name="src.entities">
      <metrics statements="20" coveredstatements="20" conditionals="12" coveredconditionals="8" methods="4" coveredmethods="4"/>
      <file name="Address.ts" path="/home/vincent/ynov-2602-my-favorite-addresses/server/src/entities/Address.ts">
        <metrics statements="11" coveredstatements="11" conditionals="8" coveredconditionals="5" methods="2" coveredmethods="2"/>
        <line num="1" count="2" type="stmt"/>
        <line num="9" count="2" type="stmt"/>
        <line num="12" count="2" type="stmt"/>
        <line num="14" count="2" type="stmt"/>
        <line num="17" count="2" type="stmt"/>
        <line num="20" count="2" type="stmt"/>
        <line num="23" count="2" type="stmt"/>
        <line num="26" count="2" type="stmt"/>
        <line num="28" count="2" type="stmt"/>
        <line num="29" count="2" type="cond" truecount="2" falsecount="2"/>
        <line num="32" count="2" type="cond" truecount="3" falsecount="1"/>
      </file>
      <file name="User.ts" path="/home/vincent/ynov-2602-my-favorite-addresses/server/src/entities/User.ts">
        <metrics statements="9" coveredstatements="9" conditionals="4" coveredconditionals="3" methods="2" coveredmethods="2"/>
        <line num="1" count="2" type="stmt"/>
        <line num="9" count="2" type="stmt"/>
        <line num="12" count="2" type="stmt"/>
        <line num="14" count="2" type="stmt"/>
        <line num="17" count="2" type="stmt"/>
        <line num="20" count="2" type="stmt"/>
        <line num="22" count="2" type="stmt"/>
        <line num="23" count="2" type="stmt"/>
        <line num="26" count="2" type="cond" truecount="3" falsecount="1"/>
      </file>
    </package>
    <package name="src.utils">
      <metrics statements="58" coveredstatements="52" conditionals="20" coveredconditionals="13" methods="9" coveredmethods="9"/>
      <file name="getCoordinatesFromSearch.ts" path="/home/vincent/ynov-2602-my-favorite-addresses/server/src/utils/getCoordinatesFromSearch.ts">
        <metrics statements="11" coveredstatements="11" conditionals="4" coveredconditionals="4" methods="2" coveredmethods="2"/>
        <line num="1" count="3" type="stmt"/>
        <line num="3" count="3" type="stmt"/>
        <line num="6" count="6" type="stmt"/>
        <line num="7" count="6" type="stmt"/>
        <line num="10" count="5" type="cond" truecount="2" falsecount="0"/>
        <line num="11" count="4" type="stmt"/>
        <line num="12" count="2" type="stmt"/>
        <line num="14" count="4" type="cond" truecount="2" falsecount="0"/>
        <line num="15" count="2" type="stmt"/>
        <line num="22" count="1" type="stmt"/>
        <line num="24" count="4" type="stmt"/>
      </file>
      <file name="getCountry.ts" path="/home/vincent/ynov-2602-my-favorite-addresses/server/src/utils/getCountry.ts">
        <metrics statements="8" coveredstatements="8" conditionals="0" coveredconditionals="0" methods="3" coveredmethods="3"/>
        <line num="1" count="1" type="stmt"/>
        <line num="3" count="1" type="stmt"/>
        <line num="4" count="3" type="stmt"/>
        <line num="6" count="3" type="stmt"/>
        <line num="7" count="6" type="stmt"/>
        <line num="9" count="3" type="stmt"/>
        <line num="10" count="3" type="stmt"/>
        <line num="12" count="3" type="stmt"/>
      </file>
      <file name="getDistance.ts" path="/home/vincent/ynov-2602-my-favorite-addresses/server/src/utils/getDistance.ts">
        <metrics statements="8" coveredstatements="8" conditionals="0" coveredconditionals="0" methods="1" coveredmethods="1"/>
        <line num="1" count="3" type="stmt"/>
        <line num="2" count="6" type="stmt"/>
        <line num="4" count="6" type="stmt"/>
        <line num="5" count="6" type="stmt"/>
        <line num="7" count="6" type="stmt"/>
        <line num="8" count="6" type="stmt"/>
        <line num="10" count="6" type="stmt"/>
        <line num="12" count="6" type="stmt"/>
      </file>
      <file name="getUserFromRequest.ts" path="/home/vincent/ynov-2602-my-favorite-addresses/server/src/utils/getUserFromRequest.ts">
        <metrics statements="20" coveredstatements="15" conditionals="14" coveredconditionals="8" methods="1" coveredmethods="1"/>
        <line num="2" count="2" type="stmt"/>
        <line num="3" count="2" type="stmt"/>
        <line num="5" count="2" type="cond" truecount="2" falsecount="0"/>
        <line num="7" count="2" type="stmt"/>
        <line num="8" count="14" type="stmt"/>
        <line num="9" count="14" type="stmt"/>
        <line num="10" count="14" type="cond" truecount="3" falsecount="1"/>
        <line num="11" count="14" type="stmt"/>
        <line num="12" count="0" type="cond" truecount="0" falsecount="2"/>
        <line num="13" count="0" type="stmt"/>
        <line num="16" count="14" type="cond" truecount="1" falsecount="1"/>
        <line num="17" count="14" type="stmt"/>
        <line num="18" count="14" type="stmt"/>
        <line num="19" count="14" type="cond" truecount="1" falsecount="1"/>
        <line num="20" count="14" type="stmt"/>
        <line num="21" count="14" type="cond" truecount="1" falsecount="1"/>
        <line num="22" count="14" type="stmt"/>
        <line num="24" count="0" type="stmt"/>
        <line num="28" count="0" type="stmt"/>
        <line num="31" count="0" type="stmt"/>
      </file>
      <file name="isAuthorized.ts" path="/home/vincent/ynov-2602-my-favorite-addresses/server/src/utils/isAuthorized.ts">
        <metrics statements="6" coveredstatements="5" conditionals="2" coveredconditionals="1" methods="1" coveredmethods="1"/>
        <line num="2" count="2" type="stmt"/>
        <line num="4" count="2" type="stmt"/>
        <line num="9" count="9" type="stmt"/>
        <line num="11" count="9" type="cond" truecount="1" falsecount="1"/>
        <line num="12" count="9" type="stmt"/>
        <line num="14" count="0" type="stmt"/>
      </file>
      <file name="map.ts" path="/home/vincent/ynov-2602-my-favorite-addresses/server/src/utils/map.ts">
        <metrics statements="5" coveredstatements="5" conditionals="0" coveredconditionals="0" methods="1" coveredmethods="1"/>
        <line num="1" count="1" type="stmt"/>
        <line num="2" count="5" type="stmt"/>
        <line num="3" count="5" type="stmt"/>
        <line num="4" count="12" type="stmt"/>
        <line num="6" count="5" type="stmt"/>
      </file>
    </package>
    <package name="tests">
      <metrics statements="14" coveredstatements="12" conditionals="8" coveredconditionals="6" methods="1" coveredmethods="1"/>
      <file name="word-count-api.ts" path="/home/vincent/ynov-2602-my-favorite-addresses/server/tests/word-count-api.ts">
        <metrics statements="14" coveredstatements="12" conditionals="8" coveredconditionals="6" methods="1" coveredmethods="1"/>
        <line num="1" count="1" type="stmt"/>
        <line num="3" count="1" type="stmt"/>
        <line num="4" count="1" type="stmt"/>
        <line num="6" count="1" type="stmt"/>
        <line num="7" count="2" type="stmt"/>
        <line num="9" count="2" type="cond" truecount="3" falsecount="1"/>
        <line num="10" count="0" type="stmt"/>
        <line num="13" count="2" type="cond" truecount="1" falsecount="1"/>
        <line num="14" count="0" type="stmt"/>
        <line num="17" count="2" type="stmt"/>
        <line num="18" count="2" type="stmt"/>
        <line num="19" count="2" type="stmt"/>
        <line num="21" count="2" type="cond" truecount="2" falsecount="0"/>
        <line num="24" count="1" type="stmt"/>
      </file>
    </package>
  </project>
</coverage>
