TN:
SF:src/app.ts
FN:13,(anonymous_1)
FNF:1
FNH:0
FNDA:0,(anonymous_1)
DA:1,2
DA:2,2
DA:4,2
DA:7,2
DA:10,2
DA:13,2
DA:14,0
DA:17,2
LF:8
LH:7
BRF:0
BRH:0
end_of_record
TN:
SF:src/datasource.ts
FNF:0
FNH:0
DA:1,2
DA:3,2
DA:11,2
LF:3
LH:3
BRF:0
BRH:0
end_of_record
TN:
SF:src/router.ts
FNF:0
FNH:0
DA:1,2
DA:2,2
DA:3,2
DA:5,2
DA:7,2
DA:8,2
DA:10,2
LF:7
LH:7
BRF:0
BRH:0
end_of_record
TN:
SF:src/controllers/Addresses.ts
FN:10,(anonymous_0)
FN:37,(anonymous_1)
FN:43,(anonymous_2)
FNF:3
FNH:3
FNDA:3,(anonymous_0)
FNDA:1,(anonymous_1)
FNDA:4,(anonymous_2)
DA:1,2
DA:2,2
DA:3,2
DA:4,2
DA:5,2
DA:6,2
DA:8,2
DA:10,2
DA:11,3
DA:12,3
DA:13,3
DA:15,3
DA:16,1
DA:21,2
DA:23,2
DA:24,1
DA:25,1
DA:26,1
DA:27,1
DA:28,1
DA:29,1
DA:30,1
DA:31,1
DA:33,1
DA:37,2
DA:38,1
DA:39,1
DA:40,1
DA:43,2
DA:44,4
DA:46,4
DA:47,1
DA:52,3
DA:54,3
DA:61,1
DA:66,2
DA:67,2
DA:68,2
DA:70,2
DA:71,2
DA:72,1
DA:76,2
DA:79,2
LF:43
LH:43
BRDA:15,0,0,1
BRDA:15,0,1,2
BRDA:15,1,0,3
BRDA:15,1,1,2
BRDA:23,2,0,1
BRDA:23,2,1,1
BRDA:46,3,0,1
BRDA:46,3,1,3
BRDA:46,4,0,4
BRDA:46,4,1,4
BRDA:46,4,2,4
BRDA:54,5,0,1
BRDA:54,5,1,2
BRDA:55,6,0,3
BRDA:55,6,1,3
BRDA:55,6,2,2
BRDA:55,6,3,2
BRDA:55,6,4,2
BRDA:71,7,0,1
BRDA:71,7,1,1
BRF:20
BRH:20
end_of_record
TN:
SF:src/controllers/Users.ts
FN:12,(anonymous_1)
FN:35,(anonymous_2)
FN:40,(anonymous_3)
FNF:3
FNH:3
FNDA:2,(anonymous_1)
FNDA:1,(anonymous_2)
FNDA:2,(anonymous_3)
DA:1,2
DA:2,2
DA:3,2
DA:4,2
DA:5,2
DA:6,2
DA:8,2
DA:10,2
DA:12,2
DA:13,2
DA:14,2
DA:16,2
DA:17,0
DA:20,2
DA:21,2
DA:22,2
DA:23,2
DA:24,2
DA:26,2
DA:28,2
DA:30,0
DA:31,0
DA:35,2
DA:36,1
DA:37,1
DA:40,2
DA:41,2
DA:42,2
DA:44,2
DA:45,0
DA:48,2
DA:50,2
DA:51,0
DA:54,2
DA:55,2
DA:56,2
DA:57,2
DA:60,2
DA:62,0
DA:65,0
DA:69,2
LF:41
LH:34
BRDA:8,0,0,2
BRDA:8,0,1,2
BRDA:16,1,0,0
BRDA:16,1,1,2
BRDA:16,2,0,2
BRDA:16,2,1,2
BRDA:44,3,0,0
BRDA:44,3,1,2
BRDA:44,4,0,2
BRDA:44,4,1,2
BRDA:50,5,0,0
BRDA:50,5,1,2
BRDA:55,6,0,2
BRDA:55,6,1,0
BRF:14
BRH:10
end_of_record
TN:
SF:src/entities/Address.ts
FN:28,(anonymous_2)
FN:28,(anonymous_3)
FNF:2
FNH:2
FNDA:2,(anonymous_2)
FNDA:2,(anonymous_3)
DA:1,2
DA:9,2
DA:12,2
DA:14,2
DA:17,2
DA:20,2
DA:23,2
DA:26,2
DA:28,2
DA:29,2
DA:32,2
LF:11
LH:11
BRDA:29,0,0,0
BRDA:29,0,1,2
BRDA:29,1,0,2
BRDA:29,1,1,0
BRDA:32,2,0,2
BRDA:32,2,1,0
BRDA:32,3,0,2
BRDA:32,3,1,2
BRF:8
BRH:5
end_of_record
TN:
SF:src/entities/User.ts
FN:22,(anonymous_2)
FN:22,(anonymous_3)
FNF:2
FNH:2
FNDA:2,(anonymous_2)
FNDA:2,(anonymous_3)
DA:1,2
DA:9,2
DA:12,2
DA:14,2
DA:17,2
DA:20,2
DA:22,2
DA:23,2
DA:26,2
LF:9
LH:9
BRDA:26,0,0,2
BRDA:26,0,1,0
BRDA:26,1,0,2
BRDA:26,1,1,2
BRF:4
BRH:3
end_of_record
TN:
SF:src/utils/getCoordinatesFromSearch.ts
FN:3,getCoordinatesFromSearch
FN:12,(anonymous_2)
FNF:2
FNH:2
FNDA:6,getCoordinatesFromSearch
FNDA:2,(anonymous_2)
DA:1,3
DA:3,3
DA:6,6
DA:7,6
DA:10,5
DA:11,4
DA:12,2
DA:14,4
DA:15,2
DA:22,1
DA:24,4
LF:11
LH:11
BRDA:10,0,0,4
BRDA:10,0,1,1
BRDA:14,1,0,2
BRDA:14,1,1,2
BRF:4
BRH:4
end_of_record
TN:
SF:src/utils/getCountry.ts
FN:3,getCountriesStartingWith
FN:6,(anonymous_2)
FN:9,(anonymous_3)
FNF:3
FNH:3
FNDA:3,getCountriesStartingWith
FNDA:6,(anonymous_2)
FNDA:3,(anonymous_3)
DA:1,1
DA:3,1
DA:4,3
DA:6,3
DA:7,6
DA:9,3
DA:10,3
DA:12,3
LF:8
LH:8
BRF:0
BRH:0
end_of_record
TN:
SF:src/utils/getDistance.ts
FN:1,getDistance
FNF:1
FNH:1
FNDA:6,getDistance
DA:1,3
DA:2,6
DA:4,6
DA:5,6
DA:7,6
DA:8,6
DA:10,6
DA:12,6
LF:8
LH:8
BRF:0
BRH:0
end_of_record
TN:
SF:src/utils/getUserFromRequest.ts
FN:7,getUserFromRequest
FNF:1
FNH:1
FNDA:14,getUserFromRequest
DA:2,2
DA:3,2
DA:5,2
DA:7,2
DA:8,14
DA:9,14
DA:10,14
DA:11,14
DA:12,0
DA:13,0
DA:16,14
DA:17,14
DA:18,14
DA:19,14
DA:20,14
DA:21,14
DA:22,14
DA:24,0
DA:28,0
DA:31,0
LF:20
LH:15
BRDA:5,0,0,2
BRDA:5,0,1,2
BRDA:10,1,0,14
BRDA:10,1,1,0
BRDA:10,2,0,14
BRDA:10,2,1,14
BRDA:12,3,0,0
BRDA:12,3,1,0
BRDA:16,4,0,14
BRDA:16,4,1,0
BRDA:19,5,0,14
BRDA:19,5,1,0
BRDA:21,6,0,14
BRDA:21,6,1,0
BRF:14
BRH:8
end_of_record
TN:
SF:src/utils/isAuthorized.ts
FN:4,isAuthorized
FNF:1
FNH:1
FNDA:9,isAuthorized
DA:2,2
DA:4,2
DA:9,9
DA:11,9
DA:12,9
DA:14,0
LF:6
LH:5
BRDA:11,0,0,9
BRDA:11,0,1,0
BRF:2
BRH:1
end_of_record
TN:
SF:src/utils/map.ts
FN:1,map
FNF:1
FNH:1
FNDA:5,map
DA:1,1
DA:2,5
DA:3,5
DA:4,12
DA:6,5
LF:5
LH:5
BRF:0
BRH:0
end_of_record
TN:
SF:tests/word-count-api.ts
FN:6,(anonymous_1)
FNF:1
FNH:1
FNDA:2,(anonymous_1)
DA:1,1
DA:3,1
DA:4,1
DA:6,1
DA:7,2
DA:9,2
DA:10,0
DA:13,2
DA:14,0
DA:17,2
DA:18,2
DA:19,2
DA:21,2
DA:24,1
LF:14
LH:12
BRDA:9,0,0,0
BRDA:9,0,1,2
BRDA:9,1,0,2
BRDA:9,1,1,2
BRDA:13,2,0,0
BRDA:13,2,1,2
BRDA:21,3,0,1
BRDA:21,3,1,1
BRF:8
BRH:6
end_of_record
